[0mPOST /question [32m200 [0m4.969 ms - 16[0m
[0mGET /favicon.ico [33m404 [0m5.345 ms - 5[0m
[0mPOST /question [32m200 [0m1.418 ms - 16[0m
[0mPOST /question [32m200 [0m1.543 ms - 16[0m
[0mPOST /question [32m200 [0m0.695 ms - 16[0m
[0mPOST /question [32m200 [0m2.896 ms - 16[0m
[0mPOST /question [32m200 [0m2.994 ms - 16[0m
[0mPOST /question [32m200 [0m2.062 ms - 16[0m
[0mPOST /question [32m200 [0m2.853 ms - 16[0m
[0mPOST /question [32m200 [0m2.291 ms - 16[0m
[0mPOST /question [32m200 [0m2.058 ms - 16[0m
[0mPOST /question [32m200 [0m2.167 ms - 16[0m
[0mPOST /question [32m200 [0m2.090 ms - 16[0m
[0mPOST /question [32m200 [0m2.233 ms - 16[0m
[0mPOST /question [32m200 [0m2.055 ms - 16[0m
[0mPOST /question [32m200 [0m2.660 ms - 16[0m
[0mPOST /question [32m200 [0m2.362 ms - 16[0m
[0mPOST /question [32m200 [0m2.757 ms - 16[0m
[0mPOST /question [32m200 [0m2.148 ms - 16[0m
[0mPOST /question [32m200 [0m2.073 ms - 16[0m
[0mPOST /question [32m200 [0m2.089 ms - 16[0m
[0mPOST /question [32m200 [0m2.094 ms - 16[0m
[0mPOST /question [32m200 [0m3.102 ms - 16[0m
[0mPOST /question [32m200 [0m2.825 ms - 16[0m
[0mPOST /question [32m200 [0m3.178 ms - 16[0m
[0mPOST /question [32m200 [0m3.045 ms - 16[0m
[0mPOST /question [32m200 [0m2.243 ms - 16[0m
[0mPOST /question [32m200 [0m2.683 ms - 16[0m
[0mPOST /question [32m200 [0m2.558 ms - 16[0m
[0mPOST /question [32m200 [0m3.429 ms - 16[0m
[0mPOST /question [32m200 [0m2.922 ms - 16[0m
[0mPOST /question [32m200 [0m2.904 ms - 16[0m
[0mPOST /question [32m200 [0m2.938 ms - 16[0m
[0mPOST /question [32m200 [0m2.172 ms - 16[0m
[0mPOST /question [32m200 [0m2.097 ms - 16[0m
[0mPOST /question [32m200 [0m2.322 ms - 16[0m
[0mPOST /question [32m200 [0m2.175 ms - 16[0m
[0mPOST /question [32m200 [0m2.519 ms - 16[0m
[0mPOST /question [32m200 [0m2.926 ms - 16[0m
[0mPOST /question [32m200 [0m2.635 ms - 16[0m
[0mPOST /question [32m200 [0m2.253 ms - 16[0m
[0mPOST /question [32m200 [0m2.673 ms - 16[0m
[0mPOST /question [32m200 [0m1.570 ms - 16[0m
[0mPOST /question [32m200 [0m2.680 ms - 16[0m
[0mPOST /question [32m200 [0m1.144 ms - 16[0m
[0mPOST /question [32m200 [0m2.788 ms - 16[0m
[0mPOST /question [32m200 [0m2.227 ms - 16[0m
[0mPOST /question [32m200 [0m2.516 ms - 16[0m
[0mPOST /question [32m200 [0m1.285 ms - 16[0m
[0mPOST /question [32m200 [0m2.092 ms - 16[0m
[0mPOST /question [32m200 [0m2.856 ms - 16[0m
[0mPOST /question [32m200 [0m2.963 ms - 16[0m
[0mPOST /question [32m200 [0m2.841 ms - 16[0m
[0mPOST /question [32m200 [0m2.546 ms - 16[0m
[0mPOST /question [32m200 [0m2.131 ms - 16[0m
[0mPOST /question [32m200 [0m2.835 ms - 16[0m
[0mPOST /question [32m200 [0m2.974 ms - 16[0m
[0mPOST /question [32m200 [0m2.288 ms - 16[0m
[0mPOST /question [32m200 [0m2.193 ms - 16[0m
[0mPOST /question [32m200 [0m2.817 ms - 16[0m
[0mPOST /question [32m200 [0m2.186 ms - 16[0m
[0mPOST /question [32m200 [0m2.319 ms - 16[0m
[0mPOST /question [32m200 [0m2.122 ms - 16[0m
[0mPOST /question [32m200 [0m2.522 ms - 16[0m
[0mPOST /question [32m200 [0m1.142 ms - 16[0m
[0mPOST /question [32m200 [0m2.679 ms - 16[0m
[0mPOST /question [32m200 [0m2.117 ms - 16[0m
[0mPOST /question [32m200 [0m2.667 ms - 16[0m
[0mPOST /question [32m200 [0m2.553 ms - 16[0m
[0mPOST /question [32m200 [0m1.488 ms - 16[0m
[0mPOST /question [32m200 [0m1.068 ms - 16[0m
[0mPOST /question [32m200 [0m2.104 ms - 16[0m
[0mPOST /question [32m200 [0m2.891 ms - 16[0m
[0mPOST /question [32m200 [0m2.449 ms - 16[0m
[0mPOST /question [32m200 [0m2.779 ms - 16[0m
[0mPOST /question [32m200 [0m1.162 ms - 16[0m
[0mPOST /question [32m200 [0m2.500 ms - 16[0m
[0mPOST /question [32m200 [0m1.186 ms - 16[0m
[0mGET /upload [33m404 [0m17.710 ms - 5[0m
[0mGET /upload [33m404 [0m1.092 ms - 5[0m
[0mGET /upload [36m302 [0m30.091 ms - 140[0m
[0mGET /upload [36m302 [0m0.498 ms - 140[0m
[0mGET /upload [36m302 [0m0.802 ms - 140[0m
[0mGET /upload [36m302 [0m6.023 ms - 140[0m
[0mGET /upload [36m302 [0m0.906 ms - 140[0m
[0mGET /upload [36m302 [0m0.507 ms - 140[0m
[0mGET /upload [36m302 [0m0.217 ms - 140[0m
[0mGET /upload [36m302 [0m0.238 ms - 140[0m
[0mGET /upload [36m302 [0m0.229 ms - 140[0m
[0mGET /upload [36m302 [0m0.251 ms - 140[0m
[0mGET /upload [31m500 [0m5.469 ms - 11[0m
[0mGET /upload [31m500 [0m6.334 ms - 66[0m
[0mGET /upload [31m500 [0m1.660 ms - 66[0m
[0mGET /upload [36m302 [0m10.247 ms - 62[0m
[0mPOST /upload/single [32m200 [0m41.829 ms - 30[0m
[0mGET /upload [36m302 [0m14.565 ms - 62[0m
[0mPOST /upload/single [31m500 [0m40.816 ms - 5[0m
[0mPOST /upload/single [31m500 [0m31.764 ms - 5[0m
[0mPOST /upload/custom [32m200 [0m67.284 ms - 24[0m
[0mPOST /upload/custom [32m200 [0m49.568 ms - 24[0m
[0mPOST /upload/custom [32m200 [0m42.582 ms - 24[0m
[0mPOST /upload/double [32m200 [0m88.554 ms - 24[0m
