[0mGET /favicon.ico [33m404 [0m4.615 ms - 6[0m
[0mGET /question [33m404 [0m1.531 ms - 6[0m
[0mGET /users [32m200 [0m0.777 ms - 23[0m
[0mGET /login [36m302 [0m48.378 ms - 64[0m
[0mPOST /login [33m404 [0m0.651 ms - 6[0m
[0mPOST /login [33m404 [0m0.487 ms - 6[0m
[0mPOST /login [33m404 [0m0.928 ms - 6[0m
[0mPOST /login [33m404 [0m0.933 ms - 6[0m
[0mPOST /login [33m404 [0m0.981 ms - 6[0m
[0mPOST /login [0m- [0m- ms - -[0m
[0mPOST /login [32m200 [0m50.976 ms - 21[0m
[0mPOST /login [32m200 [0m6.995 ms - 21[0m
[0mPOST /login [32m200 [0m6.755 ms - 21[0m
[0mPOST /login [32m200 [0m14.112 ms - 22[0m
[0mPOST /login [32m200 [0m18.111 ms - 21[0m
[0mPOST /login/register [32m200 [0m14.640 ms - 23[0m
[0mPOST /login/register [32m200 [0m15.041 ms - 23[0m
[0mPOST /login/register [32m200 [0m14.379 ms - 23[0m
[0mPOST /login/register [32m200 [0m20.194 ms - 23[0m
[0mPOST /login/register [32m200 [0m7.020 ms - 23[0m
[0mPOST /login/register [32m200 [0m22.709 ms - 23[0m
[0mPOST /login/register [32m200 [0m24.791 ms - 23[0m
[0mPOST /login/register [32m200 [0m20.544 ms - 23[0m
[0mPOST /login/register [32m200 [0m24.187 ms - 21[0m
[0mPOST /login/register [32m200 [0m6.293 ms - 23[0m
[0mPOST /login/register [32m200 [0m39.529 ms - 21[0m
[0mPOST /login [32m200 [0m22.365 ms - 13[0m
[0mPOST /login/register [32m200 [0m20.669 ms - 21[0m
[0mPOST /login/register [32m200 [0m26.792 ms - 23[0m
[0mGET /login/register [33m404 [0m2.878 ms - 6[0m
[0mPOST /login [32m200 [0m16.973 ms - 13[0m
[0mPOST /login/register [32m200 [0m20.159 ms - 21[0m
